mmap(NULL, 8192, PROT_READ|PROT_WRITE, MAP_PRIVATE|MAP_ANONYMOUS, -1, 0) = 0x7c6280a8c000
openat(AT_FDCWD, "/etc/ld.so.cache", O_RDONLY|O_CLOEXEC) = 3
mmap(NULL, 59539, PROT_READ, MAP_PRIVATE, 3, 0) = 0x7c6280a7d000
openat(AT_FDCWD, "/lib/x86_64-linux-gnu/libc.so.6", O_RDONLY|O_CLOEXEC) = 3
read(3, "\177ELF\2\1\1\3\0\0\0\0\0\0\0\0\3\0>\0\1\0\0\0P\237\2\0\0\0\0\0"..., 832) = 832
mmap(NULL, 2264656, PROT_READ, MAP_PRIVATE|MAP_DENYWRITE, 3, 0) = 0x7c6280800000
mmap(0x7c6280828000, 1658880, PROT_READ|PROT_EXEC, MAP_PRIVATE|MAP_FIXED|MAP_DENYWRITE, 3, 0x28000) = 0x7c6280828000
mmap(0x7c62809bd000, 360448, PROT_READ, MAP_PRIVATE|MAP_FIXED|MAP_DENYWRITE, 3, 0x1bd000) = 0x7c62809bd000
mmap(0x7c6280a16000, 24576, PROT_READ|PROT_WRITE, MAP_PRIVATE|MAP_FIXED|MAP_DENYWRITE, 3, 0x215000) = 0x7c6280a16000
mmap(0x7c6280a1c000, 52816, PROT_READ|PROT_WRITE, MAP_PRIVATE|MAP_FIXED|MAP_ANONYMOUS, -1, 0) = 0x7c6280a1c000
mmap(NULL, 12288, PROT_READ|PROT_WRITE, MAP_PRIVATE|MAP_ANONYMOUS, -1, 0) = 0x7c6280a7a000
openat(AT_FDCWD, "REQ_PIPE_37024", O_RDONLY) = 3
openat(AT_FDCWD, "RESP_PIPE_37024", O_WRONLY) = 4
read(3, "CREATE_SHM#\244\3316\0", 255)  = 15
openat(AT_FDCWD, "/dev/shm/zK6HDGQI", O_RDWR|O_CREAT|O_NOFOLLOW|O_CLOEXEC, 0664) = 5
mmap(NULL, 3594660, PROT_READ|PROT_WRITE, MAP_SHARED, 5, 0) = 0x7c6280492000
read(3, "MAP_FILE#test_root/uhEnHvsZHa.tz"..., 255) = 34
openat(AT_FDCWD, "test_root/uhEnHvsZHa.tzL", O_RDONLY) = 6
mmap(NULL, 87581, PROT_READ, MAP_PRIVATE, 6, 0) = 0x7c6280a64000
read(3, "READ_FROM_LOGICAL_SPACE_OFFSET#K"..., 255) = 39
openat(AT_FDCWD, "_LOGICAL_SPACE_OFFSET#Kd", O_RDONLY) = -1 ENOENT (No such file or directory)
mmap(NULL, 18446744073709551615, PROT_READ, MAP_PRIVATE, -1, 0) = -1 EBADF (Bad file descriptor)
read(3, "EXIT#", 255)                   = 5
+++ exited with 0 +++
